C51 COMPILER V9.60.0.0   MAIN                                                              04/07/2022 15:58:45 PAGE 1   


C51 COMPILER V9.60.0.0, COMPILATION OF MODULE MAIN
OBJECT MODULE PLACED IN .\Objects\main.obj
COMPILER INVOKED BY: D:\APP\keil5\C51\BIN\C51.EXE main.c OPTIMIZE(8,SPEED) BROWSE DEBUG OBJECTEXTEND PRINT(.\Listings\ma
                    -in.lst) TABS(2) OBJECT(.\Objects\main.obj)

line level    source

   1          #include <STC15F2K60S2.H>
   2          #include "onewire.h"
   3          #include "ds1302.h"
   4          
   5          typedef unsigned char uchar;
   6          typedef unsigned int uint;
   7            
   8          sbit S7 = P3^0;
   9          sbit S6 = P3^1;
  10          sbit S5 = P3^2;
  11          sbit S4 = P3^3;
  12          
  13          uchar code dpnum[]={0xc0,0xf9,0xa4,0xb0,0x99,0x92,0x82,0xf8,0x80,0x90,0xbf,0xff,0xb6};
  14          uchar code DS1302_Writeadd[]={0x80,0x82,0x84,0x86,0x88,0x8a,0x8c};
  15          uchar code DS1302_Readadd[]={0x81,0x83,0x85,0x87,0x89,0x8b,0x8d};
  16          uchar code Time_init_array[7]={0x50,0x59,0x23,0x06,0x04,0x03,0x22};
  17          uchar Time_save_array[7]={0};
  18          uchar naozhong_set[3]={0x00,0x00,0x00};
  19          uchar Interface=1;
  20          uchar count_t;
  21          bit LED_flag=0;
  22          bit smg_flag=0;
  23          uchar S7_state=3;
  24          uchar S6_state=3;
  25          
  26          void System_Init();
  27          void DS1302_Init();
  28          void DS1302_Read();
  29          void delayms(uchar ms);
  30          void display_bit(uchar pos,uchar dat);
  31          void Face();
  32          void Timer0_Init();
  33          void smg_shamshuo();
  34          void key();
  35          void smg_display_all();
  36          void naozhong_display_all();
  37          void naozhong_shanshuo();
  38          
  39          void main()
  40          {
  41   1        System_Init();
  42   1        Timer0_Init();
  43   1        DS1302_Init();
  44   1        while(1)
  45   1        {
  46   2          DS1302_Read();
  47   2          key();
  48   2          Face();
  49   2        }
  50   1      }
  51          
  52          void System_Init()
  53          {
  54   1        P2 = (P2 & 0x1f) | 0x80;
C51 COMPILER V9.60.0.0   MAIN                                                              04/07/2022 15:58:45 PAGE 2   

  55   1        P0 = 0xff;
  56   1        P2 = (P2 & 0x1f) | 0xa0;
  57   1        P0 = 0x00;
  58   1        P2 = (P2 & 0x1f) | 0xc0;
  59   1        P0 = 0xff;
  60   1        P2 = (P2 & 0x1f) | 0xe0;
  61   1        P0 = 0xff;
  62   1      }
  63          void DS1302_Init()
  64          {
  65   1        uchar i;
  66   1        Write_Ds1302_Byte(0x8e,0x00);//允许向寄存器写入数据
  67   1        for(i=0;i<7;i++)
  68   1        {
  69   2          Write_Ds1302_Byte(DS1302_Writeadd[i],Time_init_array[i]);
  70   2        }
  71   1        Write_Ds1302_Byte(0x8e,0x80);//禁止向寄存器写入数据
  72   1      }
  73          void DS1302_Read()
  74          {
  75   1        uchar i;
  76   1        for(i=0;i<7;i++)
  77   1        {
  78   2          Time_save_array[i]=Read_Ds1302_Byte(DS1302_Readadd[i]);
  79   2        }
  80   1      }
  81          void delayms(uchar ms)
  82          {
  83   1        uint i,j;
  84   1        for(i=ms;i>0;i--)
  85   1          for(j=810;j>0;j--);
  86   1      }
  87          void display_bit(uchar pos,uchar dat)
  88          {
  89   1        P2 = (P2 & 0x1f) | 0xc0;
  90   1        P0 = 0x01 << pos;
  91   1        P2 = (P2 & 0x1f) | 0xe0;
  92   1        P0 = dat;
  93   1      }
  94          void Face()
  95          {
  96   1        switch(Interface)
  97   1        {
  98   2          case 1:
  99   2            smg_shamshuo();
 100   2            break;
 101   2          case 2:
 102   2            naozhong_shanshuo();
 103   2            break;
 104   2          case 3:
 105   2            break;
 106   2        }
 107   1      }
 108          void Timer0_Init()
 109          {
 110   1        TMOD |= 0X00;
 111   1        TH0 = (65536-10000)/256;
 112   1        TL0 = (65536-10000)%256;
 113   1        TR0 = 1;
 114   1        ET0 = 1;
 115   1        EA = 1;
 116   1      }
C51 COMPILER V9.60.0.0   MAIN                                                              04/07/2022 15:58:45 PAGE 3   

 117          void Timer0() interrupt 1
 118          {
 119   1        count_t++;
 120   1        if(count_t%10==0)
 121   1        {
 122   2          LED_flag=~LED_flag;
 123   2        }
 124   1        if(count_t==50)
 125   1        {
 126   2          count_t=0;
 127   2          smg_flag=~smg_flag;
 128   2        }
 129   1      }
 130          void smg_shamshuo()
 131          {
 132   1        if(smg_flag==0)
 133   1        {
 134   2          switch(S7_state)
 135   2          {
 136   3            case 0:
 137   3              display_bit(0,dpnum[11]);
 138   3              delayms(1);
 139   3              display_bit(1,dpnum[11]);
 140   3              delayms(1);
 141   3              display_bit(2,dpnum[10]);
 142   3              delayms(1);
 143   3              display_bit(3,dpnum[Time_save_array[1]/16]);
 144   3              delayms(1);
 145   3              display_bit(4,dpnum[Time_save_array[1]%16]);
 146   3              delayms(1);
 147   3              display_bit(5,dpnum[10]);
 148   3              delayms(1);
 149   3              display_bit(6,dpnum[Time_save_array[0]/16]);
 150   3              delayms(1);
 151   3              display_bit(7,dpnum[Time_save_array[0]%16]);
 152   3              delayms(1);
 153   3              P2 = (P2 & 0x1f) | 0xc0;
 154   3              P0 = 0xff;
 155   3              P2 = (P2 & 0x1f) | 0xe0;
 156   3              P0 = 0xff;
 157   3              break;
 158   3            case 1:
 159   3              display_bit(0,dpnum[Time_save_array[2]/16]);
 160   3              delayms(1);
 161   3              display_bit(1,dpnum[Time_save_array[2]%16]);
 162   3              delayms(1);
 163   3              display_bit(2,dpnum[10]);
 164   3              delayms(1);
 165   3              display_bit(3,dpnum[11]);
 166   3              delayms(1);
 167   3              display_bit(4,dpnum[11]);
 168   3              delayms(1);
 169   3              display_bit(5,dpnum[10]);
 170   3              delayms(1);
 171   3              display_bit(6,dpnum[Time_save_array[0]/16]);
 172   3              delayms(1);
 173   3              display_bit(7,dpnum[Time_save_array[0]%16]);
 174   3              delayms(1);
 175   3              P2 = (P2 & 0x1f) | 0xc0;
 176   3              P0 = 0xff;
 177   3              P2 = (P2 & 0x1f) | 0xe0;
 178   3              P0 = 0xff;
C51 COMPILER V9.60.0.0   MAIN                                                              04/07/2022 15:58:45 PAGE 4   

 179   3              break;
 180   3            case 2:
 181   3              display_bit(0,dpnum[Time_save_array[2]/16]);
 182   3              delayms(1);
 183   3              display_bit(1,dpnum[Time_save_array[2]%16]);
 184   3              delayms(1);
 185   3              display_bit(2,dpnum[10]);
 186   3              delayms(1);
 187   3              display_bit(3,dpnum[Time_save_array[1]/16]);
 188   3              delayms(1);
 189   3              display_bit(4,dpnum[Time_save_array[1]%16]);
 190   3              delayms(1);
 191   3              display_bit(5,dpnum[10]);
 192   3              delayms(1);
 193   3              display_bit(6,dpnum[11]);
 194   3              delayms(1);
 195   3              display_bit(7,dpnum[11]);
 196   3              delayms(1);
 197   3              P2 = (P2 & 0x1f) | 0xc0;
 198   3              P0 = 0xff;
 199   3              P2 = (P2 & 0x1f) | 0xe0;
 200   3              P0 = 0xff;
 201   3              break;
 202   3            case 3:
 203   3              smg_display_all();
 204   3              break;
 205   3          }
 206   2        }
 207   1        else
 208   1        {
 209   2          smg_display_all();
 210   2        }
 211   1      }
 212          void smg_display_all()
 213          {
 214   1        display_bit(0,dpnum[Time_save_array[2]/16]);
 215   1        delayms(1);
 216   1        display_bit(1,dpnum[Time_save_array[2]%16]);
 217   1        delayms(1);
 218   1        display_bit(2,dpnum[10]);
 219   1        delayms(1);
 220   1        display_bit(3,dpnum[Time_save_array[1]/16]);
 221   1        delayms(1);
 222   1        display_bit(4,dpnum[Time_save_array[1]%16]);
 223   1        delayms(1);
 224   1        display_bit(5,dpnum[10]);
 225   1        delayms(1);
 226   1        display_bit(6,dpnum[Time_save_array[0]/16]);
 227   1        delayms(1);
 228   1        display_bit(7,dpnum[Time_save_array[0]%16]);
 229   1        delayms(1);
 230   1        P2 = (P2 & 0x1f) | 0xc0;
 231   1        P0 = 0xff;
 232   1        P2 = (P2 & 0x1f) | 0xe0;
 233   1        P0 = 0xff;
 234   1      }
 235          void key()
 236          {
 237   1        if(S7==0)
 238   1        {
 239   2          delayms(5);
 240   2          if(S7==0)
C51 COMPILER V9.60.0.0   MAIN                                                              04/07/2022 15:58:45 PAGE 5   

 241   2          {
 242   3            Interface=1;
 243   3            S7_state++;
 244   3            if(S7_state>3)
 245   3              S7_state=0;
 246   3            while(S7==0);
 247   3          }
 248   2        }
 249   1        else if(S6==0)
 250   1        {
 251   2          delayms(5);
 252   2          if(S6==0)
 253   2          {
 254   3            Interface=2;
 255   3            S6_state++;
 256   3            if(S6_state>3)
 257   3              S6_state=0;
 258   3            while(S6==0);
 259   3          }
 260   2        }
 261   1        else if(S5==0)
 262   1        {
 263   2          delayms(5);
 264   2          if(S5==0)
 265   2          {
 266   3            if(Interface==2)
 267   3            {
 268   4              switch(S6_state)
 269   4              {
 270   5                case 0:
 271   5                  naozhong_set[2]++;
 272   5                  if(naozhong_set[2]>23)
 273   5                    naozhong_set[2]=0;
 274   5                  break;
 275   5                case 1:
 276   5                  naozhong_set[1]++;
 277   5                  if(naozhong_set[1]>59)
 278   5                    naozhong_set[1]=0;
 279   5                  break;
 280   5                case 2:
 281   5                  naozhong_set[0]++;
 282   5                  if(naozhong_set[0]>59)
 283   5                    naozhong_set[0]=0;
 284   5                  break;
 285   5              }
 286   4            }
 287   3            while(S5==0);
 288   3          }
 289   2      //  else if(S4==0)
 290   2      //  {
 291   2      //    delayms(5);
 292   2      //    if(S4==0)
 293   2      //    {
 294   2      //      if(Interface==2)
 295   2      //      {
 296   2      //        switch(S6_state)
 297   2      //        {
 298   2      //          case 0:
 299   2      //            naozhong_set[2]--;
 300   2      //            if(naozhong_set[2]<0)
 301   2      //              naozhong_set[2]=23;
 302   2      //            break;
C51 COMPILER V9.60.0.0   MAIN                                                              04/07/2022 15:58:45 PAGE 6   

 303   2      //          case 1:
 304   2      //            naozhong_set[1]--;
 305   2      //            if(naozhong_set[1]<0)
 306   2      //              naozhong_set[1]=59;
 307   2      //            break;
 308   2      //          case 2:
 309   2      //            naozhong_set[0]--;
 310   2      //            if(naozhong_set[0]<0)
 311   2      //              naozhong_set[0]=59;
 312   2      //            break;
 313   2      //        }
 314   2      //      }
 315   2      //      while(S4==0);
 316   2      //    }
 317   2      //  }
 318   2      }
 319   1      void naozhong_shanshuo()
*** ERROR C141 IN LINE 319 OF main.c: syntax error near 'void', expected '__asm'
 320   1      {
*** ERROR C141 IN LINE 320 OF main.c: syntax error near '{', expected ';'
 321   2        if(smg_flag==0)
 322   2        {
 323   3          switch(S6_state)
 324   3          {
 325   4            case 0:
 326   4              display_bit(0,dpnum[11]);
 327   4              delayms(1);
 328   4              display_bit(1,dpnum[11]);
 329   4              delayms(1);
 330   4              display_bit(2,dpnum[10]);
 331   4              delayms(1);
 332   4              display_bit(3,dpnum[naozhong_set[1]/10]);
 333   4              delayms(1);
 334   4              display_bit(4,dpnum[naozhong_set[1]%10]);
 335   4              delayms(1);
 336   4              display_bit(5,dpnum[10]);
 337   4              delayms(1);
 338   4              display_bit(6,dpnum[naozhong_set[0]/10]);
 339   4              delayms(1);
 340   4              display_bit(7,dpnum[naozhong_set[0]%10]);
 341   4              delayms(1);
 342   4              P2 = (P2 & 0x1f) | 0xc0;
 343   4              P0 = 0xff;
 344   4              P2 = (P2 & 0x1f) | 0xe0;
 345   4              P0 = 0xff;
 346   4              break;
 347   4            case 1:
 348   4              display_bit(0,dpnum[naozhong_set[2]/10]);
 349   4              delayms(1);
 350   4              display_bit(1,dpnum[naozhong_set[2]%10]);
 351   4              delayms(1);
 352   4              display_bit(2,dpnum[10]);
 353   4              delayms(1);
 354   4              display_bit(3,dpnum[11]);
 355   4              delayms(1);
 356   4              display_bit(4,dpnum[11]);
 357   4              delayms(1);
 358   4              display_bit(5,dpnum[10]);
 359   4              delayms(1);
 360   4              display_bit(6,dpnum[naozhong_set[0]/10]);
 361   4              delayms(1);
 362   4              display_bit(7,dpnum[naozhong_set[0]%10]);
C51 COMPILER V9.60.0.0   MAIN                                                              04/07/2022 15:58:45 PAGE 7   

 363   4              delayms(1);
 364   4              P2 = (P2 & 0x1f) | 0xc0;
 365   4              P0 = 0xff;
 366   4              P2 = (P2 & 0x1f) | 0xe0;
 367   4              P0 = 0xff;
 368   4              break;
 369   4            case 2:
 370   4              display_bit(0,dpnum[naozhong_set[2]/10]);
 371   4              delayms(1);
 372   4              display_bit(1,dpnum[naozhong_set[2]%10]);
 373   4              delayms(1);
 374   4              display_bit(2,dpnum[10]);
 375   4              delayms(1);
 376   4              display_bit(3,dpnum[naozhong_set[1]/10]);
 377   4              delayms(1);
 378   4              display_bit(4,dpnum[naozhong_set[1]%10]);
 379   4              delayms(1);
 380   4              display_bit(5,dpnum[10]);
 381   4              delayms(1);
 382   4              display_bit(6,dpnum[11]);
 383   4              delayms(1);
 384   4              display_bit(7,dpnum[11]);
 385   4              delayms(1);
 386   4              P2 = (P2 & 0x1f) | 0xc0;
 387   4              P0 = 0xff;
 388   4              P2 = (P2 & 0x1f) | 0xe0;
 389   4              P0 = 0xff;
 390   4              break;
 391   4            case 3:
 392   4              naozhong_display_all();
 393   4              break;
 394   4          }
 395   3        }
 396   2        else
 397   2        {
 398   3          naozhong_display_all();
 399   3        }
 400   2      }
 401   1      void naozhong_display_all()
*** ERROR C141 IN LINE 401 OF main.c: syntax error near 'void', expected '__asm'
 402   1      {
*** ERROR C141 IN LINE 402 OF main.c: syntax error near '{', expected ';'
 403   2        display_bit(0,dpnum[naozhong_set[2]/10]);
 404   2        delayms(1);
 405   2        display_bit(1,dpnum[naozhong_set[2]%10]);
 406   2        delayms(1);
 407   2        display_bit(2,dpnum[10]);
 408   2        delayms(1);
 409   2        display_bit(3,dpnum[naozhong_set[1]/10]);
 410   2        delayms(1);
 411   2        display_bit(4,dpnum[naozhong_set[1]%10]);
 412   2        delayms(1);
 413   2        display_bit(5,dpnum[10]);
 414   2        delayms(1);
 415   2        display_bit(6,dpnum[naozhong_set[0]/10]);
 416   2        delayms(1);
 417   2        display_bit(7,dpnum[naozhong_set[0]%10]);
 418   2        delayms(1);
 419   2        P2 = (P2 & 0x1f) | 0xc0;
 420   2        P0 = 0xff;
 421   2        P2 = (P2 & 0x1f) | 0xe0;
 422   2        P0 = 0xff;
C51 COMPILER V9.60.0.0   MAIN                                                              04/07/2022 15:58:45 PAGE 8   

 423   2      }
*** ERROR C141 IN LINE 423 OF main.c: syntax error near '', expected '__asm'

C51 COMPILATION COMPLETE.  0 WARNING(S),  5 ERROR(S)
